<?xml version="1.0" encoding="UTF-8"?>
<testng-results ignored="0" total="1" passed="1" failed="0" skipped="0">
  <reporter-output>
  </reporter-output>
  <suite started-at="2024-07-22T16:40:25 IST" name="Default suite" finished-at="2024-07-22T16:40:25 IST" duration-ms="40">
    <groups>
    </groups>
    <test started-at="2024-07-22T16:40:25 IST" name="Default test" finished-at="2024-07-22T16:40:25 IST" duration-ms="40">
      <class name="testcase.tc1">
        <test-method signature="test1()[pri:0, instance:testcase.tc1@60bd273d]" started-at="2024-07-22T16:40:25 IST" name="test1" finished-at="2024-07-22T16:40:25 IST" duration-ms="9" status="PASS">
          <reporter-output>
          </reporter-output>
        </test-method> <!-- test1 -->
      </class> <!-- testcase.tc1 -->
    </test> <!-- Default test -->
  </suite> <!-- Default suite -->
</testng-results>
